c:\users\p014802f\downloads\advanced engines (1)\opengl_sdl base project\debug\vc141.pdb
c:\users\p014802f\downloads\advanced engines (1)\opengl_sdl base project\debug\vc141.idb
c:\users\p014802f\downloads\advanced engines (1)\opengl_sdl base project\debug\3dsloader.obj
c:\users\p014802f\downloads\advanced engines (1)\opengl_sdl base project\debug\camera.obj
c:\users\p014802f\downloads\advanced engines (1)\opengl_sdl base project\debug\denzil.obj
c:\users\p014802f\downloads\advanced engines (1)\opengl_sdl base project\debug\dodgeball.obj
c:\users\p014802f\downloads\advanced engines (1)\opengl_sdl base project\debug\gamescreen.obj
c:\users\p014802f\downloads\advanced engines (1)\opengl_sdl base project\debug\gamescreenintro.obj
c:\users\p014802f\downloads\advanced engines (1)\opengl_sdl base project\debug\gamescreenlevel1.obj
c:\users\p014802f\downloads\advanced engines (1)\opengl_sdl base project\debug\gamescreenlevel2.obj
c:\users\p014802f\downloads\advanced engines (1)\opengl_sdl base project\debug\gamescreenmanager.obj
c:\users\p014802f\downloads\advanced engines (1)\opengl_sdl base project\debug\physobj.obj
c:\users\p014802f\downloads\advanced engines (1)\opengl_sdl base project\debug\planet.obj
c:\users\p014802f\downloads\advanced engines (1)\opengl_sdl base project\debug\source.obj
c:\users\p014802f\downloads\advanced engines (1)\opengl_sdl base project\debug\texture2d.obj
c:\users\p014802f\downloads\advanced engines (1)\debug\opengl_sdl base project.exe
c:\users\p014802f\downloads\advanced engines (1)\debug\opengl_sdl base project.ilk
c:\users\p014802f\downloads\advanced engines (1)\debug\opengl_sdl base project.pdb
c:\users\p014802f\downloads\advanced engines (1)\opengl_sdl base project\debug\opengl_s.9314caf6.tlog\cl.command.1.tlog
c:\users\p014802f\downloads\advanced engines (1)\opengl_sdl base project\debug\opengl_s.9314caf6.tlog\cl.read.1.tlog
c:\users\p014802f\downloads\advanced engines (1)\opengl_sdl base project\debug\opengl_s.9314caf6.tlog\cl.write.1.tlog
c:\users\p014802f\downloads\advanced engines (1)\opengl_sdl base project\debug\opengl_s.9314caf6.tlog\link.command.1.tlog
c:\users\p014802f\downloads\advanced engines (1)\opengl_sdl base project\debug\opengl_s.9314caf6.tlog\link.read.1.tlog
c:\users\p014802f\downloads\advanced engines (1)\opengl_sdl base project\debug\opengl_s.9314caf6.tlog\link.write.1.tlog
